<?xml version="1.0" encoding="utf-8"?><testsuites name="pytest tests"><testsuite name="pytest" errors="0" failures="0" skipped="0" tests="18" time="4.345" timestamp="2026-01-03T07:47:56.663535+00:00" hostname="agent-env-e4dcaaed-dbaf-45ae-92d4-72ffce80d9a7"><testcase classname="tests.test_backend_apis.TestHealthCheck" name="test_api_root" time="0.073" /><testcase classname="tests.test_backend_apis.TestAdminAuth" name="test_admin_login_success" time="0.271" /><testcase classname="tests.test_backend_apis.TestAdminAuth" name="test_admin_login_wrong_password" time="0.265" /><testcase classname="tests.test_backend_apis.TestAdminAuth" name="test_admin_login_wrong_role" time="0.269" /><testcase classname="tests.test_backend_apis.TestAdminDashboardAPIs" name="test_admin_stats" time="0.303" /><testcase classname="tests.test_backend_apis.TestAdminDashboardAPIs" name="test_admin_users_list" time="0.326" /><testcase classname="tests.test_backend_apis.TestAdminDashboardAPIs" name="test_admin_pending_approvals" time="0.354" /><testcase classname="tests.test_backend_apis.TestAdminDashboardAPIs" name="test_admin_content_stats" time="0.347" /><testcase classname="tests.test_backend_apis.TestAdminDashboardAPIs" name="test_admin_content_list" time="0.311" /><testcase classname="tests.test_backend_apis.TestClientDashboardAPIs" name="test_client_stats_requires_auth" time="0.041" /><testcase classname="tests.test_backend_apis.TestClientDashboardAPIs" name="test_client_stats_requires_client_role" time="0.307" /><testcase classname="tests.test_backend_apis.TestPartnerDashboardAPIs" name="test_partner_stats_requires_auth" time="0.046" /><testcase classname="tests.test_backend_apis.TestPartnerDashboardAPIs" name="test_partner_stats_requires_partner_role" time="0.294" /><testcase classname="tests.test_backend_apis.TestInvestorDashboardAPIs" name="test_investor_stats_requires_auth" time="0.037" /><testcase classname="tests.test_backend_apis.TestInvestorDashboardAPIs" name="test_investor_stats_requires_investor_role" time="0.304" /><testcase classname="tests.test_backend_apis.TestCareersDashboardAPIs" name="test_careers_stats_requires_auth" time="0.034" /><testcase classname="tests.test_backend_apis.TestCareersDashboardAPIs" name="test_careers_stats_requires_job_seeker_role" time="0.299" /><testcase classname="tests.test_backend_apis.TestUserProfile" name="test_get_current_user" time="0.336" /></testsuite></testsuites>